0 info it worked if it ends with ok
1 verbose cli [ '/usr/local/bin/node',
1 verbose cli   '/usr/local/bin/npm',
1 verbose cli   'install',
1 verbose cli   'passport',
1 verbose cli   '--save' ]
2 info using npm@2.11.3
3 info using node@v0.12.7
4 verbose install initial load of /home/mannuel/udemy/nodejs/package.json
5 verbose readDependencies loading dependencies from /home/mannuel/udemy/nodejs/package.json
6 silly cache add args [ 'passport', null ]
7 verbose cache add spec passport
8 silly cache add parsed spec { raw: 'passport',
8 silly cache add   scope: null,
8 silly cache add   name: 'passport',
8 silly cache add   rawSpec: '',
8 silly cache add   spec: '*',
8 silly cache add   type: 'range' }
9 silly addNamed passport@*
10 verbose addNamed "*" is a valid semver range for passport
11 silly addNameRange { name: 'passport', range: '*', hasData: false }
12 silly mapToRegistry name passport
13 silly mapToRegistry using default registry
14 silly mapToRegistry registry https://registry.npmjs.org/
15 silly mapToRegistry uri https://registry.npmjs.org/passport
16 verbose addNameRange registry:https://registry.npmjs.org/passport not in flight; fetching
17 verbose request uri https://registry.npmjs.org/passport
18 verbose request no auth needed
19 info attempt registry request try #1 at 5:19:26 AM
20 verbose request id e821b2ced9a5fc28
21 verbose etag "9827Q50LJ4ZXXU8L174EAPJX8"
22 http request GET https://registry.npmjs.org/passport
23 http 200 https://registry.npmjs.org/passport
24 silly get cb [ 200,
24 silly get   { server: 'CouchDB/1.5.0 (Erlang OTP/R16B03)',
24 silly get     etag: '"4A6L59LE2VACI1V5YETPFSVPC"',
24 silly get     'content-type': 'application/json',
24 silly get     'cache-control': 'max-age=60',
24 silly get     'content-length': '38331',
24 silly get     'accept-ranges': 'bytes',
24 silly get     date: 'Tue, 29 Sep 2015 03:19:29 GMT',
24 silly get     via: '1.1 varnish',
24 silly get     age: '0',
24 silly get     connection: 'keep-alive',
24 silly get     'x-served-by': 'cache-lhr6322-LHR',
24 silly get     'x-cache': 'HIT',
24 silly get     'x-cache-hits': '1',
24 silly get     'x-timer': 'S1443496768.885529,VS0,VE695',
24 silly get     vary: 'Accept' } ]
25 verbose get saving passport to /home/mannuel/.npm/registry.npmjs.org/passport/.cache.json
26 silly addNameRange number 2 { name: 'passport', range: '*', hasData: true }
27 silly addNameRange versions [ 'passport',
27 silly addNameRange   [ '0.1.0',
27 silly addNameRange     '0.1.1',
27 silly addNameRange     '0.1.2',
27 silly addNameRange     '0.1.3',
27 silly addNameRange     '0.1.4',
27 silly addNameRange     '0.1.5',
27 silly addNameRange     '0.1.6',
27 silly addNameRange     '0.1.7',
27 silly addNameRange     '0.1.8',
27 silly addNameRange     '0.1.9',
27 silly addNameRange     '0.1.10',
27 silly addNameRange     '0.1.11',
27 silly addNameRange     '0.1.12',
27 silly addNameRange     '0.1.13',
27 silly addNameRange     '0.1.14',
27 silly addNameRange     '0.1.15',
27 silly addNameRange     '0.1.16',
27 silly addNameRange     '0.1.17',
27 silly addNameRange     '0.1.18',
27 silly addNameRange     '0.2.0',
27 silly addNameRange     '0.2.1',
27 silly addNameRange     '0.2.2',
27 silly addNameRange     '0.3.0' ] ]
28 silly addNamed passport@0.3.0
29 verbose addNamed "0.3.0" is a plain semver version for passport
30 silly mapToRegistry name passport
31 silly mapToRegistry using default registry
32 silly mapToRegistry registry https://registry.npmjs.org/
33 silly mapToRegistry uri https://registry.npmjs.org/passport
34 verbose addRemoteTarball https://registry.npmjs.org/passport/-/passport-0.3.0.tgz not in flight; adding
35 verbose addRemoteTarball [ 'https://registry.npmjs.org/passport/-/passport-0.3.0.tgz',
35 verbose addRemoteTarball   '14c151b0eb6795aa9335239827f548d5f94c7046' ]
36 info retry fetch attempt 1 at 5:19:30 AM
37 info attempt registry request try #1 at 5:19:30 AM
38 http fetch GET https://registry.npmjs.org/passport/-/passport-0.3.0.tgz
39 http fetch 200 https://registry.npmjs.org/passport/-/passport-0.3.0.tgz
40 silly fetchAndShaCheck shasum 14c151b0eb6795aa9335239827f548d5f94c7046
41 verbose addTmpTarball /tmp/npm-32215-cb415eef/registry.npmjs.org/passport/-/passport-0.3.0.tgz not in flight; adding
42 verbose addTmpTarball already have metadata; skipping unpack for passport@0.3.0
43 silly cache afterAdd passport@0.3.0
44 verbose afterAdd /home/mannuel/.npm/passport/0.3.0/package/package.json not in flight; writing
45 verbose afterAdd /home/mannuel/.npm/passport/0.3.0/package/package.json written
46 silly install resolved [ { name: 'passport',
46 silly install resolved     version: '0.3.0',
46 silly install resolved     description: 'Simple, unobtrusive authentication for Node.js.',
46 silly install resolved     keywords: [ 'express', 'connect', 'auth', 'authn', 'authentication' ],
46 silly install resolved     author:
46 silly install resolved      { name: 'Jared Hanson',
46 silly install resolved        email: 'jaredhanson@gmail.com',
46 silly install resolved        url: 'http://www.jaredhanson.net/' },
46 silly install resolved     homepage: 'http://passportjs.org/',
46 silly install resolved     repository:
46 silly install resolved      { type: 'git',
46 silly install resolved        url: 'git://github.com/jaredhanson/passport.git' },
46 silly install resolved     bugs: { url: 'http://github.com/jaredhanson/passport/issues' },
46 silly install resolved     license: 'MIT',
46 silly install resolved     licenses: [ [Object] ],
46 silly install resolved     main: './lib',
46 silly install resolved     dependencies: { 'passport-strategy': '1.x.x', pause: '0.0.1' },
46 silly install resolved     devDependencies:
46 silly install resolved      { mocha: '2.x.x',
46 silly install resolved        chai: '2.x.x',
46 silly install resolved        'chai-connect-middleware': '0.3.x',
46 silly install resolved        'chai-passport-strategy': '0.2.x',
46 silly install resolved        proxyquire: '1.x.x' },
46 silly install resolved     engines: { node: '>= 0.4.0' },
46 silly install resolved     scripts: { test: 'mocha --reporter spec --require test/bootstrap/node test/*.test.js test/**/*.test.js' },
46 silly install resolved     gitHead: 'aa7420756c2c4d430835c3a694c0281343133bb9',
46 silly install resolved     _id: 'passport@0.3.0',
46 silly install resolved     _shasum: '14c151b0eb6795aa9335239827f548d5f94c7046',
46 silly install resolved     _from: 'passport@*',
46 silly install resolved     _npmVersion: '1.4.23',
46 silly install resolved     _npmUser: { name: 'jaredhanson', email: 'jaredhanson@gmail.com' },
46 silly install resolved     maintainers: [ [Object] ],
46 silly install resolved     dist:
46 silly install resolved      { shasum: '14c151b0eb6795aa9335239827f548d5f94c7046',
46 silly install resolved        tarball: 'http://registry.npmjs.org/passport/-/passport-0.3.0.tgz' },
46 silly install resolved     directories: {},
46 silly install resolved     _resolved: 'https://registry.npmjs.org/passport/-/passport-0.3.0.tgz' } ]
47 info install passport@0.3.0 into /home/mannuel/udemy/nodejs
48 info installOne passport@0.3.0
49 verbose installOne of passport to /home/mannuel/udemy/nodejs not in flight; installing
50 warn locking Error: EACCES, open '/home/mannuel/.npm/_locks/passport-249a9de036af0f86.lock'
50 warn locking     at Error (native)
50 warn locking  /home/mannuel/.npm/_locks/passport-249a9de036af0f86.lock failed { [Error: EACCES, open '/home/mannuel/.npm/_locks/passport-249a9de036af0f86.lock']
50 warn locking   errno: -13,
50 warn locking   code: 'EACCES',
50 warn locking   path: '/home/mannuel/.npm/_locks/passport-249a9de036af0f86.lock' }
51 verbose stack Error: Attempt to unlock /home/mannuel/udemy/nodejs/node_modules/passport, which hasn't been locked
51 verbose stack     at unlock (/usr/local/lib/node_modules/npm/lib/utils/locker.js:66:11)
51 verbose stack     at cb (/usr/local/lib/node_modules/npm/lib/install.js:1017:5)
51 verbose stack     at /usr/local/lib/node_modules/npm/lib/install.js:1021:20
51 verbose stack     at /usr/local/lib/node_modules/npm/lib/utils/locker.js:40:9
51 verbose stack     at cb (/usr/local/lib/node_modules/npm/node_modules/lockfile/lockfile.js:149:38)
51 verbose stack     at /usr/local/lib/node_modules/npm/node_modules/lockfile/lockfile.js:177:38
51 verbose stack     at FSReqWrap.oncomplete (fs.js:95:15)
52 verbose cwd /home/mannuel/udemy/nodejs
53 error Linux 3.13.0-65-generic
54 error argv "/usr/local/bin/node" "/usr/local/bin/npm" "install" "passport" "--save"
55 error node v0.12.7
56 error npm  v2.11.3
57 error Attempt to unlock /home/mannuel/udemy/nodejs/node_modules/passport, which hasn't been locked
58 error If you need help, you may report this error at:
58 error     <https://github.com/npm/npm/issues>
59 verbose exit [ 1, true ]
